[01m[K/home/lewis/tiago_openday_ws/src/open_day_robot/src/navGoal.cpp:5:39:[m[K [01;31m[Kerror: [m[Kâ€˜[01m[Kmove_base_messages[m[Kâ€™ was not declared in this scope
 typedef actionlib::SimpleActionClient<[01;31m[Kmove_base_messages[m[K::MoveBaseActionGoal> MoveBaseClient
                                       [01;31m[K^~~~~~~~~~~~~~~~~~[m[K
[01m[K/home/lewis/tiago_openday_ws/src/open_day_robot/src/navGoal.cpp:5:77:[m[K [01;31m[Kerror: [m[Ktemplate argument 1 is invalid
 typedef actionlib::SimpleActionClient<move_base_messages::MoveBaseActionGoal[01;31m[K>[m[K MoveBaseClient
                                                                             [01;31m[K^[m[K
[01m[K/home/lewis/tiago_openday_ws/src/open_day_robot/src/navGoal.cpp:7:1:[m[K [01;31m[Kerror: [m[Kexpected initializer before â€˜[01m[Kint[m[Kâ€™
 [01;31m[Kint[m[K main(int argc, char**argv){
 [01;31m[K^~~[m[K
make[2]: *** [CMakeFiles/navGoal.dir/src/navGoal.cpp.o] Error 1
make[1]: *** [CMakeFiles/navGoal.dir/all] Error 2
make: *** [all] Error 2
