[35m[1mScanning dependencies of target mover[0m
[ 16%] [32mBuilding CXX object CMakeFiles/mover.dir/src/mover.cpp.o[0m
[35m[1mScanning dependencies of target tiagoMover[0m
[ 33%] [32mBuilding CXX object CMakeFiles/tiagoMover.dir/src/tiagoMover.cpp.o[0m
[35m[1mScanning dependencies of target movetest[0m
[ 50%] [32mBuilding CXX object CMakeFiles/movetest.dir/src/movetest.cpp.o[0m
[01m[K/home/lewis/tiago_openday_ws/src/open_day_robot/src/mover.cpp:[m[K In member function â€˜[01m[Kvoid Robot::callBack(const ConstPtr&)[m[Kâ€™:
[01m[K/home/lewis/tiago_openday_ws/src/open_day_robot/src/mover.cpp:59:41:[m[K [01;35m[Kwarning: [m[Kdecomposition declaration only available with -std=c++1z or -std=gnu++1z
         people_msgs::PositionMeasurement[01;35m[K[[m[K] people = msg->people;
                                         [01;35m[K^[m[K
[01m[K/home/lewis/tiago_openday_ws/src/open_day_robot/src/mover.cpp:59:41:[m[K [01;31m[Kerror: [m[Kdecomposition declaration cannot be declared with type â€˜[01m[Kpeople_msgs::PositionMeasurement {aka people_msgs::PositionMeasurement_<std::allocator<void> >}[m[Kâ€™
         people_msgs::PositionMeasurement[01;31m[K[][m[K people = msg->people;
                                         [01;31m[K^~[m[K
[01m[K/home/lewis/tiago_openday_ws/src/open_day_robot/src/mover.cpp:59:41:[m[K [01;36m[Knote: [m[Ktype must be cv-qualified â€˜[01m[Kauto[m[Kâ€™ or reference to cv-qualified â€˜[01m[Kauto[m[Kâ€™
[01m[K/home/lewis/tiago_openday_ws/src/open_day_robot/src/mover.cpp:59:41:[m[K [01;31m[Kerror: [m[Kempty decomposition declaration
[01m[K/home/lewis/tiago_openday_ws/src/open_day_robot/src/mover.cpp:59:44:[m[K [01;31m[Kerror: [m[Kexpected initializer before â€˜[01m[Kpeople[m[Kâ€™
         people_msgs::PositionMeasurement[] [01;31m[Kpeople[m[K = msg->people;
                                            [01;31m[K^~~~~~[m[K
[01m[K/home/lewis/tiago_openday_ws/src/open_day_robot/src/mover.cpp:62:20:[m[K [01;31m[Kerror: [m[Kâ€˜[01m[Kpeople[m[Kâ€™ was not declared in this scope
         xPosGoal = [01;31m[Kpeople[m[K[0].pos.x;
                    [01;31m[K^~~~~~[m[K
[01m[K/home/lewis/tiago_openday_ws/src/open_day_robot/src/mover.cpp:62:20:[m[K [01;36m[Knote: [m[Ksuggested alternative: â€˜[01m[Kpipe[m[Kâ€™
         xPosGoal = [01;36m[Kpeople[m[K[0].pos.x;
                    [01;36m[K^~~~~~[m[K
                    [32m[Kpipe[m[K
[ 66%] [32m[1mLinking CXX executable /home/lewis/tiago_openday_ws/devel/.private/open_day_robot/lib/open_day_robot/tiagoMover[0m
[ 66%] Built target tiagoMover
CMakeFiles/mover.dir/build.make:62: recipe for target 'CMakeFiles/mover.dir/src/mover.cpp.o' failed
make[2]: *** [CMakeFiles/mover.dir/src/mover.cpp.o] Error 1
CMakeFiles/Makefile2:163: recipe for target 'CMakeFiles/mover.dir/all' failed
make[1]: *** [CMakeFiles/mover.dir/all] Error 2
make[1]: *** Waiting for unfinished jobs....
[ 83%] [32m[1mLinking CXX executable /home/lewis/tiago_openday_ws/devel/.private/open_day_robot/lib/open_day_robot/movetest[0m
[ 83%] Built target movetest
Makefile:140: recipe for target 'all' failed
make: *** [all] Error 2
