[01m[K/home/lewis/tiago_openday_ws/src/open_day_robot/src/navGoal.cpp:[m[K In function â€˜[01m[Kint main(int, char**)[m[Kâ€™:
[01m[K/home/lewis/tiago_openday_ws/src/open_day_robot/src/navGoal.cpp:20:14:[m[K [01;31m[Kerror: [m[Kâ€˜[01m[KSpinOnce[m[Kâ€™ is not a member of â€˜[01m[Kros[m[Kâ€™
         ros::[01;31m[KSpinOnce[m[K();
              [01;31m[K^~~~~~~~[m[K
[01m[K/home/lewis/tiago_openday_ws/src/open_day_robot/src/navGoal.cpp:20:14:[m[K [01;36m[Knote: [m[Ksuggested alternative: â€˜[01m[KspinOnce[m[Kâ€™
         ros::[01;36m[KSpinOnce[m[K();
              [01;36m[K^~~~~~~~[m[K
              [32m[KspinOnce[m[K
make[2]: *** [CMakeFiles/navGoal.dir/src/navGoal.cpp.o] Error 1
make[1]: *** [CMakeFiles/navGoal.dir/all] Error 2
make: *** [all] Error 2
