[35m[1mScanning dependencies of target mover[0m
[ 16%] [32mBuilding CXX object CMakeFiles/mover.dir/src/mover.cpp.o[0m
[ 50%] Built target tiagoMover
[ 83%] Built target movetest
[01m[K/home/lewis/tiago_openday_ws/src/open_day_robot/src/mover.cpp:[m[K In member function â€˜[01m[Kvoid Robot::callBack(const ConstPtr&)[m[Kâ€™:
[01m[K/home/lewis/tiago_openday_ws/src/open_day_robot/src/mover.cpp:59:13:[m[K [01;31m[Kerror: [m[Kâ€˜[01m[Kconst ConstPtr {aka const class boost::shared_ptr<const people_msgs::PositionMeasurementArray_<std::allocator<void> > >}[m[Kâ€™ has no member named â€˜[01m[Kpeople[m[Kâ€™
         msg.[01;31m[Kpeople[m[K;
             [01;31m[K^~~~~~[m[K
[01m[K/home/lewis/tiago_openday_ws/src/open_day_robot/src/mover.cpp:61:20:[m[K [01;31m[Kerror: [m[Kâ€˜[01m[Kpeople[m[Kâ€™ was not declared in this scope
         xPosGoal = [01;31m[Kpeople[m[K[0].pos.x;
                    [01;31m[K^~~~~~[m[K
[01m[K/home/lewis/tiago_openday_ws/src/open_day_robot/src/mover.cpp:61:20:[m[K [01;36m[Knote: [m[Ksuggested alternative: â€˜[01m[Kpipe[m[Kâ€™
         xPosGoal = [01;36m[Kpeople[m[K[0].pos.x;
                    [01;36m[K^~~~~~[m[K
                    [32m[Kpipe[m[K
CMakeFiles/mover.dir/build.make:62: recipe for target 'CMakeFiles/mover.dir/src/mover.cpp.o' failed
make[2]: *** [CMakeFiles/mover.dir/src/mover.cpp.o] Error 1
CMakeFiles/Makefile2:163: recipe for target 'CMakeFiles/mover.dir/all' failed
make[1]: *** [CMakeFiles/mover.dir/all] Error 2
Makefile:140: recipe for target 'all' failed
make: *** [all] Error 2
