[01m[K/home/lewis/tiago_openday_ws/src/open_day_robot/src/navGoal.cpp:[m[K In function â€˜[01m[Kint main(int, char**)[m[Kâ€™:
[01m[K/home/lewis/tiago_openday_ws/src/open_day_robot/src/navGoal.cpp:10:5:[m[K [01;31m[Kerror: [m[Kâ€˜[01m[KmoveToGoal[m[Kâ€™ was not declared in this scope
     [01;31m[KmoveToGoal[m[K(5,5);
     [01;31m[K^~~~~~~~~~[m[K
make[2]: *** [CMakeFiles/navGoal.dir/src/navGoal.cpp.o] Error 1
make[1]: *** [CMakeFiles/navGoal.dir/all] Error 2
make: *** [all] Error 2
