[01m[K/home/lewis/tiago_openday_ws/src/open_day_robot/src/navGoal.cpp:[m[K In function â€˜[01m[Kbool moveToGoal(float, float)[m[Kâ€™:
[01m[K/home/lewis/tiago_openday_ws/src/open_day_robot/src/navGoal.cpp:15:15:[m[K [01;31m[Kerror: [m[Kâ€˜[01m[Kargc[m[Kâ€™ was not declared in this scope
     ros::init([01;31m[Kargc[m[K, argv, "simple_navigation_goals");
               [01;31m[K^~~~[m[K
[01m[K/home/lewis/tiago_openday_ws/src/open_day_robot/src/navGoal.cpp:15:15:[m[K [01;36m[Knote: [m[Ksuggested alternative: â€˜[01m[Kcargq[m[Kâ€™
     ros::init([01;36m[Kargc[m[K, argv, "simple_navigation_goals");
               [01;36m[K^~~~[m[K
               [32m[Kcargq[m[K
[01m[K/home/lewis/tiago_openday_ws/src/open_day_robot/src/navGoal.cpp:15:21:[m[K [01;31m[Kerror: [m[Kâ€˜[01m[Kargv[m[Kâ€™ was not declared in this scope
     ros::init(argc, [01;31m[Kargv[m[K, "simple_navigation_goals");
                     [01;31m[K^~~~[m[K
[01m[K/home/lewis/tiago_openday_ws/src/open_day_robot/src/navGoal.cpp:15:21:[m[K [01;36m[Knote: [m[Ksuggested alternative: â€˜[01m[Kcargq[m[Kâ€™
     ros::init(argc, [01;36m[Kargv[m[K, "simple_navigation_goals");
                     [01;36m[K^~~~[m[K
                     [32m[Kcargq[m[K
make[2]: *** [CMakeFiles/navGoal.dir/src/navGoal.cpp.o] Error 1
make[1]: *** [CMakeFiles/navGoal.dir/all] Error 2
make: *** [all] Error 2
