[35m[1mScanning dependencies of target navGoal[0m
[ 33%] Built target personDetection
[ 66%] Built target tiagoMover
[ 83%] [32mBuilding CXX object CMakeFiles/navGoal.dir/src/navGoal.cpp.o[0m
[01m[K/home/lewis/tiago_openday_ws/src/open_day_robot/src/navGoal.cpp:[m[K In function â€˜[01m[Kint main(int, char**)[m[Kâ€™:
[01m[K/home/lewis/tiago_openday_ws/src/open_day_robot/src/navGoal.cpp:10:5:[m[K [01;31m[Kerror: [m[Kâ€˜[01m[KmoveToGoal[m[Kâ€™ was not declared in this scope
     [01;31m[KmoveToGoal[m[K(5,5);
     [01;31m[K^~~~~~~~~~[m[K
CMakeFiles/navGoal.dir/build.make:62: recipe for target 'CMakeFiles/navGoal.dir/src/navGoal.cpp.o' failed
make[2]: *** [CMakeFiles/navGoal.dir/src/navGoal.cpp.o] Error 1
CMakeFiles/Makefile2:67: recipe for target 'CMakeFiles/navGoal.dir/all' failed
make[1]: *** [CMakeFiles/navGoal.dir/all] Error 2
Makefile:140: recipe for target 'all' failed
make: *** [all] Error 2
