[35m[1mScanning dependencies of target mover[0m
[ 16%] [32mBuilding CXX object CMakeFiles/mover.dir/src/mover.cpp.o[0m
[ 50%] Built target tiagoMover
[ 83%] Built target movetest
[01m[K/home/lewis/tiago_openday_ws/src/open_day_robot/src/mover.cpp:[m[K In member function â€˜[01m[Kvoid Robot::callBack(const ConstPtr&)[m[Kâ€™:
[01m[K/home/lewis/tiago_openday_ws/src/open_day_robot/src/mover.cpp:60:56:[m[K [01;31m[Kerror: [m[Kconversion from â€˜[01m[Kconst _people_type {aka const std::vector<people_msgs::PositionMeasurement_<std::allocator<void> >, std::allocator<people_msgs::PositionMeasurement_<std::allocator<void> > > >}[m[Kâ€™ to non-scalar type â€˜[01m[Kpeople_msgs::PositionMeasurement {aka people_msgs::PositionMeasurement_<std::allocator<void> >}[m[Kâ€™ requested
         people_msgs::PositionMeasurement people = [01;31m[Kmsg->people[m[K;
                                                   [01;31m[K~~~~~^~~~~~[m[K
[01m[K/home/lewis/tiago_openday_ws/src/open_day_robot/src/mover.cpp:62:26:[m[K [01;31m[Kerror: [m[Kno match for â€˜[01m[Koperator[][m[Kâ€™ (operand types are â€˜[01m[Kpeople_msgs::PositionMeasurement {aka people_msgs::PositionMeasurement_<std::allocator<void> >}[m[Kâ€™ and â€˜[01m[Kint[m[Kâ€™)
         xPosGoal = people[01;31m[K[[m[K0].pos.x;
                          [01;31m[K^[m[K
[01m[K/home/lewis/tiago_openday_ws/src/open_day_robot/src/mover.cpp:63:26:[m[K [01;31m[Kerror: [m[Kno match for â€˜[01m[Koperator[][m[Kâ€™ (operand types are â€˜[01m[Kpeople_msgs::PositionMeasurement {aka people_msgs::PositionMeasurement_<std::allocator<void> >}[m[Kâ€™ and â€˜[01m[Kint[m[Kâ€™)
         xPosGoal = people[01;31m[K[[m[K0].pos.x;
                          [01;31m[K^[m[K
CMakeFiles/mover.dir/build.make:62: recipe for target 'CMakeFiles/mover.dir/src/mover.cpp.o' failed
make[2]: *** [CMakeFiles/mover.dir/src/mover.cpp.o] Error 1
CMakeFiles/Makefile2:163: recipe for target 'CMakeFiles/mover.dir/all' failed
make[1]: *** [CMakeFiles/mover.dir/all] Error 2
Makefile:140: recipe for target 'all' failed
make: *** [all] Error 2
