[01m[K/home/lewis/tiago_openday_ws/src/open_day_robot/src/mover.cpp:[m[K In member function â€˜[01m[Kvoid Robot::callBack(const ConstPtr&)[m[Kâ€™:
[01m[K/home/lewis/tiago_openday_ws/src/open_day_robot/src/mover.cpp:61:20:[m[K [01;31m[Kerror: [m[Kâ€˜[01m[Kpeople[m[Kâ€™ was not declared in this scope
         xPosGoal = [01;31m[Kpeople[m[K[0].pos.x;
                    [01;31m[K^~~~~~[m[K
[01m[K/home/lewis/tiago_openday_ws/src/open_day_robot/src/mover.cpp:61:20:[m[K [01;36m[Knote: [m[Ksuggested alternative: â€˜[01m[Kpipe[m[Kâ€™
         xPosGoal = [01;36m[Kpeople[m[K[0].pos.x;
                    [01;36m[K^~~~~~[m[K
                    [32m[Kpipe[m[K
make[2]: *** [CMakeFiles/mover.dir/src/mover.cpp.o] Error 1
make[1]: *** [CMakeFiles/mover.dir/all] Error 2
make: *** [all] Error 2
