[01m[K/home/lewis/tiago_openday_ws/src/open_day_robot/src/navGoal.cpp:[m[K In function â€˜[01m[Kint main(int, char**)[m[Kâ€™:
[01m[K/home/lewis/tiago_openday_ws/src/open_day_robot/src/navGoal.cpp:14:32:[m[K [01;31m[Kerror: [m[Kâ€˜[01m[Know[m[Kâ€™ was not declared in this scope
         goalMsg.header.stamp = [01;31m[Know[m[K;
                                [01;31m[K^~~[m[K
[01m[K/home/lewis/tiago_openday_ws/src/open_day_robot/src/navGoal.cpp:14:32:[m[K [01;36m[Knote: [m[Ksuggested alternative: â€˜[01m[Kpow[m[Kâ€™
         goalMsg.header.stamp = [01;36m[Know[m[K;
                                [01;36m[K^~~[m[K
                                [32m[Kpow[m[K
[01m[K/home/lewis/tiago_openday_ws/src/open_day_robot/src/navGoal.cpp:15:32:[m[K [01;31m[Kerror: [m[Kexpected â€˜[01m[K;[m[Kâ€™ before â€˜[01m[K:[m[Kâ€™ token
         goalMsg.header.frame_id[01;31m[K:[m[K "map";
                                [01;31m[K^[m[K
make[2]: *** [CMakeFiles/navGoal.dir/src/navGoal.cpp.o] Error 1
make[1]: *** [CMakeFiles/navGoal.dir/all] Error 2
make: *** [all] Error 2
